13:45:29.474 logback-mybatis [main] INFO  com.example.Demo2Application - Starting Demo2Application on stu1003 with PID 1628 (C:\workspace\demo2\target\classes started by Administrator in C:\workspace\demo2)
13:45:29.519 logback-mybatis [main] INFO  com.example.Demo2Application - No active profile set, falling back to default profiles: default
13:45:29.706 logback-mybatis [main] INFO  o.s.b.w.s.c.AnnotationConfigServletWebServerApplicationContext - Refreshing org.springframework.boot.web.servlet.context.AnnotationConfigServletWebServerApplicationContext@223191a6: startup date [Mon Aug 13 13:45:29 CST 2018]; root of context hierarchy
13:45:33.312 logback-mybatis [main] INFO  o.s.c.s.PostProcessorRegistrationDelegate$BeanPostProcessorChecker - Bean 'org.springframework.transaction.annotation.ProxyTransactionManagementConfiguration' of type [org.springframework.transaction.annotation.ProxyTransactionManagementConfiguration$$EnhancerBySpringCGLIB$$539065a5] is not eligible for getting processed by all BeanPostProcessors (for example: not eligible for auto-proxying)
13:45:34.664 logback-mybatis [main] INFO  o.s.b.w.e.tomcat.TomcatWebServer - Tomcat initialized with port(s): 9090 (http)
13:45:34.700 logback-mybatis [main] INFO  o.a.coyote.http11.Http11NioProtocol - Initializing ProtocolHandler ["http-nio-9090"]
13:45:34.747 logback-mybatis [main] INFO  o.a.catalina.core.StandardService - Starting service [Tomcat]
13:45:34.747 logback-mybatis [main] INFO  o.a.catalina.core.StandardEngine - Starting Servlet Engine: Apache Tomcat/8.5.32
13:45:34.784 logback-mybatis [localhost-startStop-1] INFO  o.a.c.core.AprLifecycleListener - The APR based Apache Tomcat Native library which allows optimal performance in production environments was not found on the java.library.path: [C:\Java\jre1.8.0_111\bin;C:\Windows\Sun\Java\bin;C:\Windows\system32;C:\Windows;C:/Java/jre1.8.0_111/bin/server;C:/Java/jre1.8.0_111/bin;C:/Java/jre1.8.0_111/lib/amd64;C:\ProgramData\Oracle\Java\javapath;E:\app\Administrator\product\11.2.0\dbhome_1\bin;C:\Program Files (x86)\Java\jdk1.7.0_17\bin;C:\Windows\system32;C:\Windows;C:\Windows\System32\Wbem;C:\Windows\System32\WindowsPowerShell\v1.0\C:\tomcat\lib;C:\tomcat\lib\servlet-api.jar;C:\tomcat\lib\jsp-api.jar;C:\Program Files\Java\jdk1.7.0_80\bin;C:\Program Files\Java\jdk1.7.0_80\lib\dt.jar;C:\Program Files\Java\jdk1.7.0_80\jre\bin;;E:\sts-bundle\sts-3.6.3.SR1;;.]
13:45:35.178 logback-mybatis [localhost-startStop-1] INFO  o.a.c.c.C.[Tomcat].[localhost].[/] - Initializing Spring embedded WebApplicationContext
13:45:35.178 logback-mybatis [localhost-startStop-1] INFO  o.s.web.context.ContextLoader - Root WebApplicationContext: initialization completed in 5472 ms
13:45:37.373 logback-mybatis [localhost-startStop-1] INFO  o.s.b.w.s.FilterRegistrationBean - Mapping filter: 'characterEncodingFilter' to: [/*]
13:45:37.374 logback-mybatis [localhost-startStop-1] INFO  o.s.b.w.s.FilterRegistrationBean - Mapping filter: 'webMvcMetricsFilter' to: [/*]
13:45:37.374 logback-mybatis [localhost-startStop-1] INFO  o.s.b.w.s.FilterRegistrationBean - Mapping filter: 'hiddenHttpMethodFilter' to: [/*]
13:45:37.374 logback-mybatis [localhost-startStop-1] INFO  o.s.b.w.s.FilterRegistrationBean - Mapping filter: 'httpPutFormContentFilter' to: [/*]
13:45:37.375 logback-mybatis [localhost-startStop-1] INFO  o.s.b.w.s.FilterRegistrationBean - Mapping filter: 'requestContextFilter' to: [/*]
13:45:37.376 logback-mybatis [localhost-startStop-1] INFO  o.s.b.w.s.FilterRegistrationBean - Mapping filter: 'httpTraceFilter' to: [/*]
13:45:37.377 logback-mybatis [localhost-startStop-1] INFO  o.s.b.w.s.ServletRegistrationBean - Servlet dispatcherServlet mapped to [/]
13:45:38.468 logback-mybatis [main] INFO  o.s.w.s.h.SimpleUrlHandlerMapping - Mapped URL path [/**/favicon.ico] onto handler of type [class org.springframework.web.servlet.resource.ResourceHttpRequestHandler]
13:45:38.954 logback-mybatis [main] INFO  o.s.w.s.m.m.a.RequestMappingHandlerAdapter - Looking for @ControllerAdvice: org.springframework.boot.web.servlet.context.AnnotationConfigServletWebServerApplicationContext@223191a6: startup date [Mon Aug 13 13:45:29 CST 2018]; root of context hierarchy
13:45:39.147 logback-mybatis [main] INFO  o.s.w.s.m.m.a.RequestMappingHandlerMapping - Mapped "{[/author/{id}],methods=[GET]}" onto public com.example.model.Author com.example.controller.AuthorController.getOneAuthor(int)
13:45:39.156 logback-mybatis [main] INFO  o.s.w.s.m.m.a.RequestMappingHandlerMapping - Mapped "{[/error]}" onto public org.springframework.http.ResponseEntity<java.util.Map<java.lang.String, java.lang.Object>> org.springframework.boot.autoconfigure.web.servlet.error.BasicErrorController.error(javax.servlet.http.HttpServletRequest)
13:45:39.157 logback-mybatis [main] INFO  o.s.w.s.m.m.a.RequestMappingHandlerMapping - Mapped "{[/error],produces=[text/html]}" onto public org.springframework.web.servlet.ModelAndView org.springframework.boot.autoconfigure.web.servlet.error.BasicErrorController.errorHtml(javax.servlet.http.HttpServletRequest,javax.servlet.http.HttpServletResponse)
13:45:39.221 logback-mybatis [main] INFO  o.s.w.s.h.SimpleUrlHandlerMapping - Mapped URL path [/webjars/**] onto handler of type [class org.springframework.web.servlet.resource.ResourceHttpRequestHandler]
13:45:39.221 logback-mybatis [main] INFO  o.s.w.s.h.SimpleUrlHandlerMapping - Mapped URL path [/**] onto handler of type [class org.springframework.web.servlet.resource.ResourceHttpRequestHandler]
13:45:40.337 logback-mybatis [main] INFO  o.s.b.a.e.web.EndpointLinksResolver - Exposing 2 endpoint(s) beneath base path '/actuator'
13:45:40.363 logback-mybatis [main] INFO  o.s.b.a.e.w.s.WebMvcEndpointHandlerMapping - Mapped "{[/actuator/health],methods=[GET],produces=[application/vnd.spring-boot.actuator.v2+json || application/json]}" onto public java.lang.Object org.springframework.boot.actuate.endpoint.web.servlet.AbstractWebMvcEndpointHandlerMapping$OperationHandler.handle(javax.servlet.http.HttpServletRequest,java.util.Map<java.lang.String, java.lang.String>)
13:45:40.367 logback-mybatis [main] INFO  o.s.b.a.e.w.s.WebMvcEndpointHandlerMapping - Mapped "{[/actuator/info],methods=[GET],produces=[application/vnd.spring-boot.actuator.v2+json || application/json]}" onto public java.lang.Object org.springframework.boot.actuate.endpoint.web.servlet.AbstractWebMvcEndpointHandlerMapping$OperationHandler.handle(javax.servlet.http.HttpServletRequest,java.util.Map<java.lang.String, java.lang.String>)
13:45:40.368 logback-mybatis [main] INFO  o.s.b.a.e.w.s.WebMvcEndpointHandlerMapping - Mapped "{[/actuator],methods=[GET],produces=[application/vnd.spring-boot.actuator.v2+json || application/json]}" onto protected java.util.Map<java.lang.String, java.util.Map<java.lang.String, org.springframework.boot.actuate.endpoint.web.Link>> org.springframework.boot.actuate.endpoint.web.servlet.WebMvcEndpointHandlerMapping.links(javax.servlet.http.HttpServletRequest,javax.servlet.http.HttpServletResponse)
13:45:40.520 logback-mybatis [main] INFO  o.s.j.e.a.AnnotationMBeanExporter - Registering beans for JMX exposure on startup
13:45:40.525 logback-mybatis [main] INFO  o.s.j.e.a.AnnotationMBeanExporter - Bean with name 'dataSource' has been autodetected for JMX exposure
13:45:40.541 logback-mybatis [main] INFO  o.s.j.e.a.AnnotationMBeanExporter - Located MBean 'dataSource': registering with JMX server as MBean [com.zaxxer.hikari:name=dataSource,type=HikariDataSource]
13:45:40.576 logback-mybatis [main] INFO  o.a.coyote.http11.Http11NioProtocol - Starting ProtocolHandler ["http-nio-9090"]
13:45:40.787 logback-mybatis [main] INFO  o.a.tomcat.util.net.NioSelectorPool - Using a shared selector for servlet write/read
13:45:40.836 logback-mybatis [main] INFO  o.s.b.w.e.tomcat.TomcatWebServer - Tomcat started on port(s): 9090 (http) with context path ''
13:45:40.845 logback-mybatis [main] INFO  com.example.Demo2Application - Started Demo2Application in 13.571 seconds (JVM running for 15.282)
13:45:49.305 logback-mybatis [http-nio-9090-exec-1] INFO  o.a.c.c.C.[Tomcat].[localhost].[/] - Initializing Spring FrameworkServlet 'dispatcherServlet'
13:45:49.309 logback-mybatis [http-nio-9090-exec-1] INFO  o.s.web.servlet.DispatcherServlet - FrameworkServlet 'dispatcherServlet': initialization started
13:45:49.364 logback-mybatis [http-nio-9090-exec-1] INFO  o.s.web.servlet.DispatcherServlet - FrameworkServlet 'dispatcherServlet': initialization completed in 54 ms
13:45:49.640 logback-mybatis [http-nio-9090-exec-1] INFO  com.zaxxer.hikari.HikariDataSource - HikariPool-1 - Starting...
13:45:50.163 logback-mybatis [http-nio-9090-exec-1] INFO  com.zaxxer.hikari.HikariDataSource - HikariPool-1 - Start completed.
13:45:50.186 logback-mybatis [http-nio-9090-exec-1] DEBUG c.e.m.AuthorMapper.findOneAuthor - ==>  Preparing: select id, name, phone from author where id=? 
13:45:50.241 logback-mybatis [http-nio-9090-exec-1] DEBUG c.e.m.AuthorMapper.findOneAuthor - ==> Parameters: 2(Integer)
13:45:50.359 logback-mybatis [http-nio-9090-exec-1] DEBUG c.e.m.AuthorMapper.findOneAuthor - <==      Total: 1
15:31:31.032 logback-mybatis [http-nio-9090-exec-2] DEBUG c.e.m.AuthorMapper.findOneAuthor - ==>  Preparing: select id, name, phone from author where id=? 
15:31:31.033 logback-mybatis [http-nio-9090-exec-2] DEBUG c.e.m.AuthorMapper.findOneAuthor - ==> Parameters: 2(Integer)
15:31:31.077 logback-mybatis [http-nio-9090-exec-2] DEBUG c.e.m.AuthorMapper.findOneAuthor - <==      Total: 1
15:31:35.868 logback-mybatis [http-nio-9090-exec-4] DEBUG c.e.m.AuthorMapper.findOneAuthor - ==>  Preparing: select id, name, phone from author where id=? 
15:31:35.868 logback-mybatis [http-nio-9090-exec-4] DEBUG c.e.m.AuthorMapper.findOneAuthor - ==> Parameters: 1(Integer)
15:31:35.871 logback-mybatis [http-nio-9090-exec-4] DEBUG c.e.m.AuthorMapper.findOneAuthor - <==      Total: 1
15:32:55.846 logback-mybatis [main] INFO  com.example.Demo2Application - Starting Demo2Application on stu1003 with PID 7108 (C:\workspace\demo2\target\classes started by Administrator in C:\workspace\demo2)
15:32:55.864 logback-mybatis [main] INFO  com.example.Demo2Application - No active profile set, falling back to default profiles: default
15:32:56.433 logback-mybatis [main] INFO  o.s.b.w.s.c.AnnotationConfigServletWebServerApplicationContext - Refreshing org.springframework.boot.web.servlet.context.AnnotationConfigServletWebServerApplicationContext@4c371370: startup date [Mon Aug 13 15:32:56 CST 2018]; root of context hierarchy
15:33:00.081 logback-mybatis [main] INFO  o.s.c.s.PostProcessorRegistrationDelegate$BeanPostProcessorChecker - Bean 'org.springframework.transaction.annotation.ProxyTransactionManagementConfiguration' of type [org.springframework.transaction.annotation.ProxyTransactionManagementConfiguration$$EnhancerBySpringCGLIB$$587b0ccf] is not eligible for getting processed by all BeanPostProcessors (for example: not eligible for auto-proxying)
15:33:01.763 logback-mybatis [main] INFO  o.s.b.w.e.tomcat.TomcatWebServer - Tomcat initialized with port(s): 9090 (http)
15:33:01.798 logback-mybatis [main] INFO  o.a.coyote.http11.Http11NioProtocol - Initializing ProtocolHandler ["http-nio-9090"]
15:33:01.853 logback-mybatis [main] INFO  o.a.catalina.core.StandardService - Starting service [Tomcat]
15:33:01.853 logback-mybatis [main] INFO  o.a.catalina.core.StandardEngine - Starting Servlet Engine: Apache Tomcat/8.5.32
15:33:01.884 logback-mybatis [localhost-startStop-1] INFO  o.a.c.core.AprLifecycleListener - The APR based Apache Tomcat Native library which allows optimal performance in production environments was not found on the java.library.path: [C:\Java\jre1.8.0_111\bin;C:\Windows\Sun\Java\bin;C:\Windows\system32;C:\Windows;C:/Java/jre1.8.0_111/bin/server;C:/Java/jre1.8.0_111/bin;C:/Java/jre1.8.0_111/lib/amd64;C:\ProgramData\Oracle\Java\javapath;E:\app\Administrator\product\11.2.0\dbhome_1\bin;C:\Program Files (x86)\Java\jdk1.7.0_17\bin;C:\Windows\system32;C:\Windows;C:\Windows\System32\Wbem;C:\Windows\System32\WindowsPowerShell\v1.0\C:\tomcat\lib;C:\tomcat\lib\servlet-api.jar;C:\tomcat\lib\jsp-api.jar;C:\Program Files\Java\jdk1.7.0_80\bin;C:\Program Files\Java\jdk1.7.0_80\lib\dt.jar;C:\Program Files\Java\jdk1.7.0_80\jre\bin;;E:\sts-bundle\sts-3.6.3.SR1;;.]
15:33:02.210 logback-mybatis [localhost-startStop-1] INFO  o.a.c.c.C.[Tomcat].[localhost].[/] - Initializing Spring embedded WebApplicationContext
15:33:02.211 logback-mybatis [localhost-startStop-1] INFO  o.s.web.context.ContextLoader - Root WebApplicationContext: initialization completed in 5778 ms
15:33:04.766 logback-mybatis [localhost-startStop-1] INFO  o.s.b.w.s.FilterRegistrationBean - Mapping filter: 'characterEncodingFilter' to: [/*]
15:33:04.767 logback-mybatis [localhost-startStop-1] INFO  o.s.b.w.s.FilterRegistrationBean - Mapping filter: 'webMvcMetricsFilter' to: [/*]
15:33:04.767 logback-mybatis [localhost-startStop-1] INFO  o.s.b.w.s.FilterRegistrationBean - Mapping filter: 'hiddenHttpMethodFilter' to: [/*]
15:33:04.767 logback-mybatis [localhost-startStop-1] INFO  o.s.b.w.s.FilterRegistrationBean - Mapping filter: 'httpPutFormContentFilter' to: [/*]
15:33:04.767 logback-mybatis [localhost-startStop-1] INFO  o.s.b.w.s.FilterRegistrationBean - Mapping filter: 'requestContextFilter' to: [/*]
15:33:04.768 logback-mybatis [localhost-startStop-1] INFO  o.s.b.w.s.FilterRegistrationBean - Mapping filter: 'httpTraceFilter' to: [/*]
15:33:04.769 logback-mybatis [localhost-startStop-1] INFO  o.s.b.w.s.ServletRegistrationBean - Servlet dispatcherServlet mapped to [/]
15:33:05.690 logback-mybatis [main] INFO  o.s.w.s.h.SimpleUrlHandlerMapping - Mapped URL path [/**/favicon.ico] onto handler of type [class org.springframework.web.servlet.resource.ResourceHttpRequestHandler]
15:33:06.196 logback-mybatis [main] INFO  o.s.w.s.m.m.a.RequestMappingHandlerAdapter - Looking for @ControllerAdvice: org.springframework.boot.web.servlet.context.AnnotationConfigServletWebServerApplicationContext@4c371370: startup date [Mon Aug 13 15:32:56 CST 2018]; root of context hierarchy
15:33:06.382 logback-mybatis [main] INFO  o.s.w.s.m.m.a.RequestMappingHandlerMapping - Mapped "{[/author/{id}],methods=[GET]}" onto public com.example.model.Author com.example.controller.AuthorController.getOneAuthor(int)
15:33:06.383 logback-mybatis [main] INFO  o.s.w.s.m.m.a.RequestMappingHandlerMapping - Mapped "{[/authors],methods=[GET]}" onto public java.util.List<com.example.model.Author> com.example.controller.AuthorController.getAllAuthors()
15:33:06.384 logback-mybatis [main] INFO  o.s.w.s.m.m.a.RequestMappingHandlerMapping - Mapped "{[/authors/{id}],methods=[DELETE]}" onto public int com.example.controller.AuthorController.delAuthor(int)
15:33:06.385 logback-mybatis [main] INFO  o.s.w.s.m.m.a.RequestMappingHandlerMapping - Mapped "{[/authors],methods=[POST],consumes=[application/json]}" onto public int com.example.controller.AuthorController.addAuthor(com.example.model.Author)
15:33:06.392 logback-mybatis [main] INFO  o.s.w.s.m.m.a.RequestMappingHandlerMapping - Mapped "{[/error]}" onto public org.springframework.http.ResponseEntity<java.util.Map<java.lang.String, java.lang.Object>> org.springframework.boot.autoconfigure.web.servlet.error.BasicErrorController.error(javax.servlet.http.HttpServletRequest)
15:33:06.394 logback-mybatis [main] INFO  o.s.w.s.m.m.a.RequestMappingHandlerMapping - Mapped "{[/error],produces=[text/html]}" onto public org.springframework.web.servlet.ModelAndView org.springframework.boot.autoconfigure.web.servlet.error.BasicErrorController.errorHtml(javax.servlet.http.HttpServletRequest,javax.servlet.http.HttpServletResponse)
15:33:06.481 logback-mybatis [main] INFO  o.s.w.s.h.SimpleUrlHandlerMapping - Mapped URL path [/webjars/**] onto handler of type [class org.springframework.web.servlet.resource.ResourceHttpRequestHandler]
15:33:06.481 logback-mybatis [main] INFO  o.s.w.s.h.SimpleUrlHandlerMapping - Mapped URL path [/**] onto handler of type [class org.springframework.web.servlet.resource.ResourceHttpRequestHandler]
15:33:07.493 logback-mybatis [main] INFO  o.s.b.a.e.web.EndpointLinksResolver - Exposing 2 endpoint(s) beneath base path '/actuator'
15:33:07.521 logback-mybatis [main] INFO  o.s.b.a.e.w.s.WebMvcEndpointHandlerMapping - Mapped "{[/actuator/health],methods=[GET],produces=[application/vnd.spring-boot.actuator.v2+json || application/json]}" onto public java.lang.Object org.springframework.boot.actuate.endpoint.web.servlet.AbstractWebMvcEndpointHandlerMapping$OperationHandler.handle(javax.servlet.http.HttpServletRequest,java.util.Map<java.lang.String, java.lang.String>)
15:33:07.524 logback-mybatis [main] INFO  o.s.b.a.e.w.s.WebMvcEndpointHandlerMapping - Mapped "{[/actuator/info],methods=[GET],produces=[application/vnd.spring-boot.actuator.v2+json || application/json]}" onto public java.lang.Object org.springframework.boot.actuate.endpoint.web.servlet.AbstractWebMvcEndpointHandlerMapping$OperationHandler.handle(javax.servlet.http.HttpServletRequest,java.util.Map<java.lang.String, java.lang.String>)
15:33:07.525 logback-mybatis [main] INFO  o.s.b.a.e.w.s.WebMvcEndpointHandlerMapping - Mapped "{[/actuator],methods=[GET],produces=[application/vnd.spring-boot.actuator.v2+json || application/json]}" onto protected java.util.Map<java.lang.String, java.util.Map<java.lang.String, org.springframework.boot.actuate.endpoint.web.Link>> org.springframework.boot.actuate.endpoint.web.servlet.WebMvcEndpointHandlerMapping.links(javax.servlet.http.HttpServletRequest,javax.servlet.http.HttpServletResponse)
15:33:07.645 logback-mybatis [main] INFO  o.s.j.e.a.AnnotationMBeanExporter - Registering beans for JMX exposure on startup
15:33:07.647 logback-mybatis [main] INFO  o.s.j.e.a.AnnotationMBeanExporter - Bean with name 'dataSource' has been autodetected for JMX exposure
15:33:07.657 logback-mybatis [main] INFO  o.s.j.e.a.AnnotationMBeanExporter - Located MBean 'dataSource': registering with JMX server as MBean [com.zaxxer.hikari:name=dataSource,type=HikariDataSource]
15:33:07.684 logback-mybatis [main] INFO  o.a.coyote.http11.Http11NioProtocol - Starting ProtocolHandler ["http-nio-9090"]
15:33:07.812 logback-mybatis [main] INFO  o.a.tomcat.util.net.NioSelectorPool - Using a shared selector for servlet write/read
15:33:07.881 logback-mybatis [main] INFO  o.s.b.w.e.tomcat.TomcatWebServer - Tomcat started on port(s): 9090 (http) with context path ''
15:33:07.889 logback-mybatis [main] INFO  com.example.Demo2Application - Started Demo2Application in 13.914 seconds (JVM running for 15.99)
15:33:13.332 logback-mybatis [http-nio-9090-exec-1] INFO  o.a.c.c.C.[Tomcat].[localhost].[/] - Initializing Spring FrameworkServlet 'dispatcherServlet'
15:33:13.332 logback-mybatis [http-nio-9090-exec-1] INFO  o.s.web.servlet.DispatcherServlet - FrameworkServlet 'dispatcherServlet': initialization started
15:33:13.384 logback-mybatis [http-nio-9090-exec-1] INFO  o.s.web.servlet.DispatcherServlet - FrameworkServlet 'dispatcherServlet': initialization completed in 51 ms
15:33:13.552 logback-mybatis [http-nio-9090-exec-1] INFO  com.zaxxer.hikari.HikariDataSource - HikariPool-1 - Starting...
15:33:14.179 logback-mybatis [http-nio-9090-exec-1] INFO  com.zaxxer.hikari.HikariDataSource - HikariPool-1 - Start completed.
15:33:14.194 logback-mybatis [http-nio-9090-exec-1] DEBUG c.e.m.AuthorMapper.findAllAuthors - ==>  Preparing: select id, name, phone from author 
15:33:14.234 logback-mybatis [http-nio-9090-exec-1] DEBUG c.e.m.AuthorMapper.findAllAuthors - ==> Parameters: 
15:33:14.267 logback-mybatis [http-nio-9090-exec-1] DEBUG c.e.m.AuthorMapper.findAllAuthors - <==      Total: 2
